  20221005_lwb_test2.cpp
D:\C-program\20221005\20221005_lwb_test2\20221005_lwb_test2\20221005_lwb_test2.cpp(24,26): error C2059: 구문 오류: ')'
D:\C-program\20221005\20221005_lwb_test2\20221005_lwb_test2\20221005_lwb_test2.cpp(27,9): error C3861: 'intf': 식별자를 찾을 수 없습니다.
